0 info it worked if it ends with ok
1 verbose cli [ '/Users/copypast/.nvm/versions/node/v6.11.5/bin/node',
1 verbose cli   '/Users/copypast/.nvm/versions/node/v6.11.5/bin/npm',
1 verbose cli   'run',
1 verbose cli   'build' ]
2 info using npm@3.10.10
3 info using node@v6.11.5
4 verbose run-script [ 'prebuild', 'build', 'postbuild' ]
5 info lifecycle abracar@1.0.0~prebuild: abracar@1.0.0
6 silly lifecycle abracar@1.0.0~prebuild: no script for prebuild, continuing
7 info lifecycle abracar@1.0.0~build: abracar@1.0.0
8 verbose lifecycle abracar@1.0.0~build: unsafe-perm in lifecycle true
9 verbose lifecycle abracar@1.0.0~build: PATH: /Users/copypast/.nvm/versions/node/v6.11.5/lib/node_modules/npm/bin/node-gyp-bin:/Users/copypast/workspace/abracar/node_modules/.bin:/Users/copypast/.nvm/versions/node/v6.11.5/bin:/usr/local/bin:/usr/bin:/bin:/usr/sbin:/sbin:/opt/X11/bin:/Library/Frameworks/Mono.framework/Versions/Current/Commands:/usr/local/git/bin
10 verbose lifecycle abracar@1.0.0~build: CWD: /Users/copypast/workspace/abracar
11 silly lifecycle abracar@1.0.0~build: Args: [ '-c', 'webpack-dev-server' ]
12 silly lifecycle abracar@1.0.0~build: Returned: code: 1  signal: null
13 info lifecycle abracar@1.0.0~build: Failed to exec build script
14 verbose stack Error: abracar@1.0.0 build: `webpack-dev-server`
14 verbose stack Exit status 1
14 verbose stack     at EventEmitter.<anonymous> (/Users/copypast/.nvm/versions/node/v6.11.5/lib/node_modules/npm/lib/utils/lifecycle.js:255:16)
14 verbose stack     at emitTwo (events.js:106:13)
14 verbose stack     at EventEmitter.emit (events.js:191:7)
14 verbose stack     at ChildProcess.<anonymous> (/Users/copypast/.nvm/versions/node/v6.11.5/lib/node_modules/npm/lib/utils/spawn.js:40:14)
14 verbose stack     at emitTwo (events.js:106:13)
14 verbose stack     at ChildProcess.emit (events.js:191:7)
14 verbose stack     at maybeClose (internal/child_process.js:920:16)
14 verbose stack     at Process.ChildProcess._handle.onexit (internal/child_process.js:230:5)
15 verbose pkgid abracar@1.0.0
16 verbose cwd /Users/copypast/workspace/abracar
17 error Darwin 17.7.0
18 error argv "/Users/copypast/.nvm/versions/node/v6.11.5/bin/node" "/Users/copypast/.nvm/versions/node/v6.11.5/bin/npm" "run" "build"
19 error node v6.11.5
20 error npm  v3.10.10
21 error code ELIFECYCLE
22 error abracar@1.0.0 build: `webpack-dev-server`
22 error Exit status 1
23 error Failed at the abracar@1.0.0 build script 'webpack-dev-server'.
23 error Make sure you have the latest version of node.js and npm installed.
23 error If you do, this is most likely a problem with the abracar package,
23 error not with npm itself.
23 error Tell the author that this fails on your system:
23 error     webpack-dev-server
23 error You can get information on how to open an issue for this project with:
23 error     npm bugs abracar
23 error Or if that isn't available, you can get their info via:
23 error     npm owner ls abracar
23 error There is likely additional logging output above.
24 verbose exit [ 1, true ]
